[2022-09-27 01:27:22.710] [15976] [debug] C:\workspace\workspace\AD\Agora-Iris\IRIS-SDK\base\internal\log\iris_logger.cc:35 agora::iris::InitLogger 
[2022-09-27 01:27:22.722] [15976] [debug] C:\workspace\workspace\AD\Agora-Iris\IRIS-SDK\rtc\cxx\src\iris_rtc_engine.cc:104 agora::iris::rtc::IrisRtcEngine::CallApi api_type 0 params {"context":{"appId":"249ed20e39a7470f9e7ed035b2fa4022","logConfig":{"filePath":null,"fileSize":-1,"level":1},"areaCode":4294967295}}
[2022-09-27 01:27:23.624] [15976] [debug] C:\workspace\workspace\AD\Agora-Iris\IRIS-SDK\rtc\cxx\src\iris_rtc_engine.cc:114 agora::iris::rtc::IrisRtcEngine::CallApi ret 0 result 
[2022-09-27 01:27:23.625] [15976] [debug] C:\workspace\workspace\AD\Agora-Iris\IRIS-SDK\rtc\cxx\src\iris_rtc_engine.cc:104 agora::iris::rtc::IrisRtcEngine::CallApi api_type 162 params {"appType":12}
[2022-09-27 01:27:23.625] [15976] [debug] C:\workspace\workspace\AD\Agora-Iris\IRIS-SDK\rtc\cxx\src\iris_rtc_engine.cc:114 agora::iris::rtc::IrisRtcEngine::CallApi ret 0 result 
[2022-09-27 01:27:23.628] [15976] [debug] C:\workspace\workspace\AD\Agora-Iris\IRIS-SDK\rtc\cxx\src\iris_rtc_channel.cc:71 agora::iris::rtc::IrisRtcChannel::CallApi api_type 0 params {"channelId":"t2"}
[2022-09-27 01:27:23.628] [15976] [debug] C:\workspace\workspace\AD\Agora-Iris\IRIS-SDK\rtc\cxx\src\iris_rtc_channel.cc:81 agora::iris::rtc::IrisRtcChannel::CallApi ret 0 result 
[2022-09-27 01:27:23.629] [15976] [debug] C:\workspace\workspace\AD\Agora-Iris\IRIS-SDK\rtc\cxx\src\iris_rtc_engine.cc:104 agora::iris::rtc::IrisRtcEngine::CallApi api_type 7 params {"token":"007eJxTYJBqnMK+4b3vm+1/n3bN/eY73TquxV1dcPqvZV+mfv9/znSXAoORiWVqipFBqrFlormJuUGaZap5aoqBsWmSUVqiiYGR0emXhsne1sbJcUzWrIwMEAjiMzGEGDIwAADsxiEw"}
[2022-09-27 01:27:23.629] [15976] [debug] C:\workspace\workspace\AD\Agora-Iris\IRIS-SDK\rtc\cxx\src\iris_rtc_engine.cc:114 agora::iris::rtc::IrisRtcEngine::CallApi ret 0 result 
[2022-09-27 01:28:50.568] [15036] [debug] C:\workspace\workspace\AD\Agora-Iris\IRIS-SDK\base\internal\log\iris_logger.cc:35 agora::iris::InitLogger 
[2022-09-27 01:28:50.579] [15036] [debug] C:\workspace\workspace\AD\Agora-Iris\IRIS-SDK\rtc\cxx\src\iris_rtc_engine.cc:104 agora::iris::rtc::IrisRtcEngine::CallApi api_type 0 params {"context":{"appId":"249ed20e39a7470f9e7ed035b2fa4022","logConfig":{"filePath":null,"fileSize":-1,"level":1},"areaCode":4294967295}}
[2022-09-27 01:28:51.077] [15036] [debug] C:\workspace\workspace\AD\Agora-Iris\IRIS-SDK\rtc\cxx\src\iris_rtc_engine.cc:114 agora::iris::rtc::IrisRtcEngine::CallApi ret 0 result 
[2022-09-27 01:28:51.078] [15036] [debug] C:\workspace\workspace\AD\Agora-Iris\IRIS-SDK\rtc\cxx\src\iris_rtc_engine.cc:104 agora::iris::rtc::IrisRtcEngine::CallApi api_type 162 params {"appType":12}
[2022-09-27 01:28:51.084] [15036] [debug] C:\workspace\workspace\AD\Agora-Iris\IRIS-SDK\rtc\cxx\src\iris_rtc_engine.cc:114 agora::iris::rtc::IrisRtcEngine::CallApi ret 0 result 
[2022-09-27 01:28:51.086] [15036] [debug] C:\workspace\workspace\AD\Agora-Iris\IRIS-SDK\rtc\cxx\src\iris_rtc_channel.cc:71 agora::iris::rtc::IrisRtcChannel::CallApi api_type 0 params {"channelId":"t2"}
[2022-09-27 01:28:51.086] [15036] [debug] C:\workspace\workspace\AD\Agora-Iris\IRIS-SDK\rtc\cxx\src\iris_rtc_channel.cc:81 agora::iris::rtc::IrisRtcChannel::CallApi ret 0 result 
[2022-09-27 01:28:51.087] [15036] [debug] C:\workspace\workspace\AD\Agora-Iris\IRIS-SDK\rtc\cxx\src\iris_rtc_engine.cc:104 agora::iris::rtc::IrisRtcEngine::CallApi api_type 7 params {"token":"007eJxTYJBqnMK+4b3vm+1/n3bN/eY73TquxV1dcPqvZV+mfv9/znSXAoORiWVqipFBqrFlormJuUGaZap5aoqBsWmSUVqiiYGR0emXhsne1sbJcUzWrIwMEAjiMzGEGDIwAADsxiEw"}
[2022-09-27 01:28:51.090] [15036] [debug] C:\workspace\workspace\AD\Agora-Iris\IRIS-SDK\rtc\cxx\src\iris_rtc_engine.cc:114 agora::iris::rtc::IrisRtcEngine::CallApi ret 0 result 
[2022-09-27 01:31:33.963] [3888] [debug] C:\workspace\workspace\AD\Agora-Iris\IRIS-SDK\base\internal\log\iris_logger.cc:35 agora::iris::InitLogger 
[2022-09-27 01:31:33.978] [3888] [debug] C:\workspace\workspace\AD\Agora-Iris\IRIS-SDK\rtc\cxx\src\iris_rtc_engine.cc:104 agora::iris::rtc::IrisRtcEngine::CallApi api_type 0 params {"context":{"appId":"249ed20e39a7470f9e7ed035b2fa4022","logConfig":{"filePath":null,"fileSize":-1,"level":1},"areaCode":4294967295}}
[2022-09-27 01:31:34.200] [3888] [debug] C:\workspace\workspace\AD\Agora-Iris\IRIS-SDK\rtc\cxx\src\iris_rtc_engine.cc:114 agora::iris::rtc::IrisRtcEngine::CallApi ret 0 result 
[2022-09-27 01:31:34.201] [3888] [debug] C:\workspace\workspace\AD\Agora-Iris\IRIS-SDK\rtc\cxx\src\iris_rtc_engine.cc:104 agora::iris::rtc::IrisRtcEngine::CallApi api_type 162 params {"appType":12}
[2022-09-27 01:31:34.201] [3888] [debug] C:\workspace\workspace\AD\Agora-Iris\IRIS-SDK\rtc\cxx\src\iris_rtc_engine.cc:114 agora::iris::rtc::IrisRtcEngine::CallApi ret 0 result 
[2022-09-27 01:34:45.332] [11492] [debug] C:\workspace\workspace\AD\Agora-Iris\IRIS-SDK\base\internal\log\iris_logger.cc:35 agora::iris::InitLogger 
[2022-09-27 01:34:45.343] [11492] [debug] C:\workspace\workspace\AD\Agora-Iris\IRIS-SDK\rtc\cxx\src\iris_rtc_engine.cc:104 agora::iris::rtc::IrisRtcEngine::CallApi api_type 0 params {"context":{"appId":"249ed20e39a7470f9e7ed035b2fa4022","logConfig":{"filePath":null,"fileSize":-1,"level":1},"areaCode":4294967295}}
[2022-09-27 01:34:45.624] [11492] [debug] C:\workspace\workspace\AD\Agora-Iris\IRIS-SDK\rtc\cxx\src\iris_rtc_engine.cc:114 agora::iris::rtc::IrisRtcEngine::CallApi ret 0 result 
[2022-09-27 01:34:45.625] [11492] [debug] C:\workspace\workspace\AD\Agora-Iris\IRIS-SDK\rtc\cxx\src\iris_rtc_engine.cc:104 agora::iris::rtc::IrisRtcEngine::CallApi api_type 162 params {"appType":12}
[2022-09-27 01:34:45.625] [11492] [debug] C:\workspace\workspace\AD\Agora-Iris\IRIS-SDK\rtc\cxx\src\iris_rtc_engine.cc:114 agora::iris::rtc::IrisRtcEngine::CallApi ret 0 result 
[2022-09-27 01:34:45.626] [11492] [debug] C:\workspace\workspace\AD\Agora-Iris\IRIS-SDK\rtc\cxx\src\iris_rtc_engine.cc:104 agora::iris::rtc::IrisRtcEngine::CallApi api_type 7 params {"token":"007eJxTYJBqnMK+4b3vm+1/n3bN/eY73TquxV1dcPqvZV+mfv9/znSXAoORiWVqipFBqrFlormJuUGaZap5aoqBsWmSUVqiiYGR0emXhsne1sbJcUzWrIwMEAjiMzGEGDIwAADsxiEw"}
[2022-09-27 01:34:45.626] [11492] [debug] C:\workspace\workspace\AD\Agora-Iris\IRIS-SDK\rtc\cxx\src\iris_rtc_engine.cc:114 agora::iris::rtc::IrisRtcEngine::CallApi ret 0 result 
[2022-09-27 01:35:37.112] [9804] [debug] C:\workspace\workspace\AD\Agora-Iris\IRIS-SDK\base\internal\log\iris_logger.cc:35 agora::iris::InitLogger 
[2022-09-27 01:35:37.125] [9804] [debug] C:\workspace\workspace\AD\Agora-Iris\IRIS-SDK\rtc\cxx\src\iris_rtc_engine.cc:104 agora::iris::rtc::IrisRtcEngine::CallApi api_type 0 params {"context":{"appId":"249ed20e39a7470f9e7ed035b2fa4022","logConfig":{"filePath":null,"fileSize":-1,"level":1},"areaCode":4294967295}}
[2022-09-27 01:35:37.346] [9804] [debug] C:\workspace\workspace\AD\Agora-Iris\IRIS-SDK\rtc\cxx\src\iris_rtc_engine.cc:114 agora::iris::rtc::IrisRtcEngine::CallApi ret 0 result 
[2022-09-27 01:35:37.347] [9804] [debug] C:\workspace\workspace\AD\Agora-Iris\IRIS-SDK\rtc\cxx\src\iris_rtc_engine.cc:104 agora::iris::rtc::IrisRtcEngine::CallApi api_type 162 params {"appType":12}
[2022-09-27 01:35:37.347] [9804] [debug] C:\workspace\workspace\AD\Agora-Iris\IRIS-SDK\rtc\cxx\src\iris_rtc_engine.cc:114 agora::iris::rtc::IrisRtcEngine::CallApi ret 0 result 
[2022-09-27 01:35:37.347] [9804] [debug] C:\workspace\workspace\AD\Agora-Iris\IRIS-SDK\rtc\cxx\src\iris_rtc_engine.cc:104 agora::iris::rtc::IrisRtcEngine::CallApi api_type 7 params {"token":"007eJxTYJBqnMK+4b3vm+1/n3bN/eY73TquxV1dcPqvZV+mfv9/znSXAoORiWVqipFBqrFlormJuUGaZap5aoqBsWmSUVqiiYGR0emXhsne1sbJcUzWrIwMEAjiMzGEGDIwAADsxiEw"}
[2022-09-27 01:35:37.347] [9804] [debug] C:\workspace\workspace\AD\Agora-Iris\IRIS-SDK\rtc\cxx\src\iris_rtc_engine.cc:114 agora::iris::rtc::IrisRtcEngine::CallApi ret 0 result 
[2022-09-27 01:37:49.046] [12036] [debug] C:\workspace\workspace\AD\Agora-Iris\IRIS-SDK\base\internal\log\iris_logger.cc:35 agora::iris::InitLogger 
[2022-09-27 01:37:49.059] [12036] [debug] C:\workspace\workspace\AD\Agora-Iris\IRIS-SDK\rtc\cxx\src\iris_rtc_engine.cc:104 agora::iris::rtc::IrisRtcEngine::CallApi api_type 0 params {"context":{"appId":"249ed20e39a7470f9e7ed035b2fa4022","logConfig":{"filePath":null,"fileSize":-1,"level":1},"areaCode":4294967295}}
[2022-09-27 01:37:49.247] [12036] [debug] C:\workspace\workspace\AD\Agora-Iris\IRIS-SDK\rtc\cxx\src\iris_rtc_engine.cc:114 agora::iris::rtc::IrisRtcEngine::CallApi ret 0 result 
[2022-09-27 01:37:49.248] [12036] [debug] C:\workspace\workspace\AD\Agora-Iris\IRIS-SDK\rtc\cxx\src\iris_rtc_engine.cc:104 agora::iris::rtc::IrisRtcEngine::CallApi api_type 162 params {"appType":12}
[2022-09-27 01:37:49.248] [12036] [debug] C:\workspace\workspace\AD\Agora-Iris\IRIS-SDK\rtc\cxx\src\iris_rtc_engine.cc:114 agora::iris::rtc::IrisRtcEngine::CallApi ret 0 result 
[2022-09-27 01:37:49.250] [12036] [debug] C:\workspace\workspace\AD\Agora-Iris\IRIS-SDK\rtc\cxx\src\iris_rtc_channel.cc:71 agora::iris::rtc::IrisRtcChannel::CallApi api_type 0 params {"channelId":"T1"}
[2022-09-27 01:37:49.251] [12036] [debug] C:\workspace\workspace\AD\Agora-Iris\IRIS-SDK\rtc\cxx\src\iris_rtc_channel.cc:81 agora::iris::rtc::IrisRtcChannel::CallApi ret 0 result 
[2022-09-27 01:37:49.252] [12036] [debug] C:\workspace\workspace\AD\Agora-Iris\IRIS-SDK\rtc\cxx\src\iris_rtc_engine.cc:104 agora::iris::rtc::IrisRtcEngine::CallApi api_type 4 params {"token":null,"channelId":"007eJxTYJBqnMK+4b3vm+1/n3bN/eY73TquxV1dcPqvZV+mfv9/znSXAoORiWVqipFBqrFlormJuUGaZap5aoqBsWmSUVqiiYGR0emXhsne1sbJcUzWrIwMEAjiMzGEGDIwAADsxiEw","info":"T1","uid":1}
[2022-09-27 01:37:49.252] [12036] [error] C:\workspace\workspace\AD\Agora-Iris\IRIS-SDK\rtc\cxx\src\iris_rtc_engine.cc:116 agora::iris::rtc::IrisRtcEngine::CallApi ret -102 result 
[2022-09-27 01:37:49.253] [12036] [debug] C:\workspace\workspace\AD\Agora-Iris\IRIS-SDK\rtc\cxx\src\iris_rtc_engine.cc:104 agora::iris::rtc::IrisRtcEngine::CallApi api_type 154 params {}
[2022-09-27 01:37:49.253] [12036] [debug] C:\workspace\workspace\AD\Agora-Iris\IRIS-SDK\rtc\cxx\src\iris_rtc_engine.cc:114 agora::iris::rtc::IrisRtcEngine::CallApi ret 1 result 
[2022-09-27 01:41:10.805] [1572] [debug] C:\workspace\workspace\AD\Agora-Iris\IRIS-SDK\base\internal\log\iris_logger.cc:35 agora::iris::InitLogger 
[2022-09-27 01:41:10.819] [1572] [debug] C:\workspace\workspace\AD\Agora-Iris\IRIS-SDK\rtc\cxx\src\iris_rtc_engine.cc:104 agora::iris::rtc::IrisRtcEngine::CallApi api_type 0 params {"context":{"appId":"249ed20e39a7470f9e7ed035b2fa4022","logConfig":{"filePath":null,"fileSize":-1,"level":1},"areaCode":4294967295}}
[2022-09-27 01:41:11.288] [1572] [debug] C:\workspace\workspace\AD\Agora-Iris\IRIS-SDK\rtc\cxx\src\iris_rtc_engine.cc:114 agora::iris::rtc::IrisRtcEngine::CallApi ret 0 result 
[2022-09-27 01:41:11.289] [1572] [debug] C:\workspace\workspace\AD\Agora-Iris\IRIS-SDK\rtc\cxx\src\iris_rtc_engine.cc:104 agora::iris::rtc::IrisRtcEngine::CallApi api_type 162 params {"appType":12}
[2022-09-27 01:41:11.292] [1572] [debug] C:\workspace\workspace\AD\Agora-Iris\IRIS-SDK\rtc\cxx\src\iris_rtc_engine.cc:114 agora::iris::rtc::IrisRtcEngine::CallApi ret 0 result 
[2022-09-27 01:41:11.294] [1572] [debug] C:\workspace\workspace\AD\Agora-Iris\IRIS-SDK\rtc\cxx\src\iris_rtc_channel.cc:71 agora::iris::rtc::IrisRtcChannel::CallApi api_type 0 params {"channelId":"T1"}
[2022-09-27 01:41:11.294] [1572] [debug] C:\workspace\workspace\AD\Agora-Iris\IRIS-SDK\rtc\cxx\src\iris_rtc_channel.cc:81 agora::iris::rtc::IrisRtcChannel::CallApi ret 0 result 
[2022-09-27 01:41:11.295] [1572] [debug] C:\workspace\workspace\AD\Agora-Iris\IRIS-SDK\rtc\cxx\src\iris_rtc_engine.cc:104 agora::iris::rtc::IrisRtcEngine::CallApi api_type 4 params {"token":null,"channelId":"007eJxTYJBqnMK+4b3vm+1/n3bN/eY73TquxV1dcPqvZV+mfv9/znSXAoORiWVqipFBqrFlormJuUGaZap5aoqBsWmSUVqiiYGR0emXhsne1sbJcUzWrIwMEAjiMzGEGDIwAADsxiEw","info":"T1","uid":1}
[2022-09-27 01:41:11.300] [1572] [error] C:\workspace\workspace\AD\Agora-Iris\IRIS-SDK\rtc\cxx\src\iris_rtc_engine.cc:116 agora::iris::rtc::IrisRtcEngine::CallApi ret -102 result 
[2022-09-27 01:41:11.301] [1572] [debug] C:\workspace\workspace\AD\Agora-Iris\IRIS-SDK\rtc\cxx\src\iris_rtc_engine.cc:104 agora::iris::rtc::IrisRtcEngine::CallApi api_type 7 params {"token":"007eJxTYJBqnMK+4b3vm+1/n3bN/eY73TquxV1dcPqvZV+mfv9/znSXAoORiWVqipFBqrFlormJuUGaZap5aoqBsWmSUVqiiYGR0emXhsne1sbJcUzWrIwMEAjiMzGEGDIwAADsxiEw"}
[2022-09-27 01:41:11.301] [1572] [debug] C:\workspace\workspace\AD\Agora-Iris\IRIS-SDK\rtc\cxx\src\iris_rtc_engine.cc:114 agora::iris::rtc::IrisRtcEngine::CallApi ret 0 result 
[2022-09-27 01:41:11.302] [1572] [debug] C:\workspace\workspace\AD\Agora-Iris\IRIS-SDK\rtc\cxx\src\iris_rtc_engine.cc:104 agora::iris::rtc::IrisRtcEngine::CallApi api_type 124 params {}
[2022-09-27 01:41:11.329] [1572] [error] C:\workspace\workspace\AD\Agora-Iris\IRIS-SDK\rtc\cxx\src\iris_rtc_engine.cc:116 agora::iris::rtc::IrisRtcEngine::CallApi ret -1 result 
